1 [130545743301568] INFO perfrun.launcher <> - Launcher main begin
2 [130545743301568] INFO perfrun.launcher <> - MessageCatalogInit finished
2 [130545743301568] INFO perfrun.launcher <> - Launcher instance created
2 [130545743301568] INFO perfrun.launcher <> - argc = 7; cmdline = /opt/intel/oneapi/vtune/2025.1/bin64/amplxe-runss --ui-output-format xml --ui-output-fd 5 --option-file /home/luciano-alfredo/Documentos/2-Projectos/6-Projecto CPD/computa-o-Paralela-e-Distribuida/Projeto_final/serial_version/r001hs_leve/config/runss.options 
61 [130545743301568] INFO perfrun.perfcollector <> - SEP tool path: /opt/intel/oneapi/vtune/2025.1/bin64/sep
71 [130545743301568] INFO perfrun.launcher <> - create msngr2::ICliToolContext
71 [130545743301568] INFO perfrun.launcher <> - create file finder object
71 [130545743301568] INFO perfrun.launcher <> - create a result directory: pattern = /home/luciano-alfredo/Documentos/2-Projectos/6-Projecto CPD/computa-o-Paralela-e-Distribuida/Projeto_final/serial_version/r001hs_leve pid = 4294967295
72 [130545743301568] INFO perfrun.sdk <> - checked that the directory /home/luciano-alfredo/Documentos/2-Projectos/6-Projecto CPD/computa-o-Paralela-e-Distribuida/Projeto_final/serial_version/r001hs_leve is a local directory
72 [130545743301568] INFO perfrun.sdk <> - the directory /home/luciano-alfredo/Documentos/2-Projectos/6-Projecto CPD/computa-o-Paralela-e-Distribuida/Projeto_final/serial_version/r001hs_leve is a local directory with FS type ID 61267
72 [130545743301568] INFO perfrun.launcher <> - create data directory = /home/luciano-alfredo/Documentos/2-Projectos/6-Projecto CPD/computa-o-Paralela-e-Distribuida/Projeto_final/serial_version/r001hs_leve/data.0
72 [130545743301568] INFO perfrun.launcher <> - Creating the master collection flag
116 [130545743301568] INFO perfrun.launcher <> - Done creating the master collection flag
117 [130545583384256] INFO perfrun.launcher <> - plugin [remoteplug] was disabled because it doesn't support the given collection type.
117 [130545583384256] INFO perfrun.sdk <> - Allocating TMU :/home/luciano-alfredo/Documentos/2-Projectos/6-Projecto CPD/computa-o-Paralela-e-Distribuida/Projeto_final/serial_version/r001hs_leve/data.0/systemcollector-14526-lucian.sc
117 [130545583384256] INFO perfrun.system <> - Tpss based collection
117 [130545583384256] INFO perfrun.launcher <> - plugin [ptracecollector] was disabled because it doesn't support the given collection type.
117 [130545583384256] INFO perfrun.launcher <> - plugin [gpu] was disabled because it doesn't support the given collection type.
117 [130545583384256] INFO perfrun.launcher <> - plugin [] was disabled because it doesn't support the given collection type.
117 [130545583384256] INFO perfrun.launcher <> - plugin [] was disabled because it doesn't support the given collection type.
117 [130545583384256] INFO perfrun.launcher <> - plugin [] was disabled because it doesn't support the given collection type.
117 [130545583384256] INFO perfrun.mrte <> - system-wide mode is 0
117 [130545583384256] INFO perfrun.mrte <> - Getting  mrte profiling environment ...
133 [130545583384256] INFO perfrun.mrte <> - INTEL_MRTE_DATA_DIR=/home/luciano-alfredo/Documentos/2-Projectos/6-Projecto CPD/computa-o-Paralela-e-Distribuida/Projeto_final/serial_version/r001hs_leve/data.0
133 [130545583384256] INFO perfrun.mrte <> - INTEL_MRTE_HOST_NAME=lucian
133 [130545583384256] INFO perfrun.mrte <> - JAVA_TOOL_OPTIONS=-agentlib:amplxe_samplingmrte_javaprof_1.0 -Dsun.boot.library.path=/opt/intel/oneapi/vtune/2025.1/lib32/runtime:/opt/intel/oneapi/vtune/2025.1/lib64/runtime
133 [130545583384256] INFO perfrun.mrte <> - LD_LIBRARY_PATH=/opt/intel/oneapi/vtune/2025.1/lib32/runtime:/opt/intel/oneapi/vtune/2025.1/lib64/runtime
133 [130545583384256] INFO perfrun.mrte <> - CORECLR_ENABLE_PROFILING=1
133 [130545583384256] INFO perfrun.mrte <> - CORECLR_PROFILER={AA5E4821-E3B1-479c-B7FF-5AD047D22CED}
133 [130545583384256] INFO perfrun.mrte <> - CORECLR_PROFILER_PATH=/opt/intel/oneapi/vtune/2025.1/lib64/libamplxe_samplingmrte_clrprof_1.0.so
133 [130545583384256] INFO perfrun.mrte <> - INTEL_MRTE_PROFILER_MODE=mixed
133 [130545583384256] INFO perfrun.mrte <> - Data directory: /home/luciano-alfredo/Documentos/2-Projectos/6-Projecto CPD/computa-o-Paralela-e-Distribuida/Projeto_final/serial_version/r001hs_leve/data.0
133 [130545583384256] INFO perfrun.mrte <> - Mrte plugin is initialized
133 [130545583384256] INFO perfrun.launcher <> - plugin [emon] was disabled because it doesn't support the given collection type.
133 [130545583384256] INFO perfrun.launcher <> - plugin [cuscol] was disabled because it doesn't support the given collection type.
133 [130545583384256] INFO perfrun.launcher <> - plugin [stdsrc] was disabled because it doesn't support the given collection type.
133 [130545583384256] INFO perfrun.launcher <> - plugin [sep] was disabled because it doesn't support the given collection type.
133 [130545583384256] INFO perfrun.launcher <> - plugin [vtsspp] was disabled because it doesn't support the given collection type.
133 [130545583384256] INFO perfrun.launcher <> - plugin [perf] was disabled because it doesn't support the given collection type.
133 [130545583384256] INFO perfrun.launcher <> - plugin [aoclprofile] was disabled because it doesn't support the given collection type.
133 [130545583384256] INFO perfrun.tpss <> - initialize tpss controller
133 [130545583384256] INFO perfrun.tpss <> - configure collection mode: value = cpu:counters:nostack
133 [130545583384256] INFO perfrun.tpss <> - configure collection mode: value = cpu:stack
133 [130545583384256] INFO perfrun.tpss <> - default obj-size-min=1024
133 [130545583384256] INFO perfrun.tpss <> - default hash-table-size=0
133 [130545583384256] INFO perfrun.launcher <> - plugin [media] was disabled because it doesn't support the given collection type.
134 [130545583384256] INFO perfrun.launcher <> - plugin [] was disabled because it doesn't support the given collection type.
134 [130545583384256] INFO perfrun.launcher <> - plugin [] was disabled because it doesn't support the given collection type.
134 [130545583384256] INFO perfrun.launcher <> - plugin [parallelfs] was disabled because it doesn't support the given collection type.
134 [130545583384256] INFO perfrun.launcher <> - plugin [power] was disabled because it doesn't support the given collection type.
134 [130545583384256] INFO perfrun.launcher <> - plugin [] was disabled because it doesn't support the given collection type.
134 [130545583384256] INFO perfrun.launcher <> - plugin [] was disabled because it doesn't support the given collection type.
134 [130545583384256] INFO perfrun.launcher <> - plugin [] was disabled because it doesn't support the given collection type.
134 [130545583384256] INFO perfrun.launcher <> - plugin [l0_metrics] was disabled because it doesn't support the given collection type.
134 [130545583384256] INFO perfrun.launcher <> - plugin [stall_reasons] was disabled because it doesn't support the given collection type.
134 [130545743301568] INFO perfrun.launcher <> - set environment variable: LD_LIBRARY_PATH = /opt/intel/oneapi/vtune/2025.1/lib32/runtime:/opt/intel/oneapi/vtune/2025.1/lib64/runtime
134 [130545743301568] INFO perfrun.launcher <> - set environment variable: INTEL_LIBITTNOTIFY32 = /opt/intel/oneapi/vtune/2025.1/lib32/runtime/libittnotify_collector.so
134 [130545743301568] INFO perfrun.launcher <> - set environment variable: INTEL_LIBITTNOTIFY64 = /opt/intel/oneapi/vtune/2025.1/lib64/runtime/libittnotify_collector.so
134 [130545743301568] INFO perfrun.launcher <> - set environment variable: INTEL_ITTNOTIFY_GROUPS = 
134 [130545743301568] INFO perfrun.launcher <> - set environment variable: INTEL_JIT_PROFILER32 = /opt/intel/oneapi/vtune/2025.1/lib32/runtime/libittnotify_collector.so
134 [130545743301568] INFO perfrun.launcher <> - set environment variable: INTEL_JIT_PROFILER64 = /opt/intel/oneapi/vtune/2025.1/lib64/runtime/libittnotify_collector.so
134 [130545743301568] INFO perfrun.launcher <> - set environment variable: CCL_ITT_LEVEL = 1
134 [130545743301568] INFO perfrun.launcher <> - set environment variable: ENABLE_JITPROFILING = 1
134 [130545743301568] INFO perfrun.launcher <> - set environment variable: CL_CONFIG_USE_VTUNE = True
134 [130545743301568] INFO perfrun.launcher <> - set environment variable: KMP_FORKJOIN_FRAMES = 0
134 [130545743301568] INFO perfrun.launcher <> - set environment variable: KMP_FORKJOIN_FRAMES_MODE = 0
135 [130545743301568] INFO perfrun.launcher <> - set environment variable: INTEL_MRTE_DATA_DIR = /home/luciano-alfredo/Documentos/2-Projectos/6-Projecto CPD/computa-o-Paralela-e-Distribuida/Projeto_final/serial_version/r001hs_leve/data.0
135 [130545743301568] INFO perfrun.launcher <> - set environment variable: INTEL_MRTE_HOST_NAME = lucian
135 [130545743301568] INFO perfrun.launcher <> - set environment variable: JAVA_TOOL_OPTIONS = -agentlib:amplxe_samplingmrte_javaprof_1.0 -Dsun.boot.library.path=/opt/intel/oneapi/vtune/2025.1/lib32/runtime:/opt/intel/oneapi/vtune/2025.1/lib64/runtime
135 [130545743301568] INFO perfrun.launcher <> - set environment variable: LD_LIBRARY_PATH = /opt/intel/oneapi/vtune/2025.1/lib32/runtime:/opt/intel/oneapi/vtune/2025.1/lib64/runtime
135 [130545743301568] INFO perfrun.launcher <> - set environment variable: CORECLR_ENABLE_PROFILING = 1
135 [130545743301568] INFO perfrun.launcher <> - set environment variable: CORECLR_PROFILER = {AA5E4821-E3B1-479c-B7FF-5AD047D22CED}
135 [130545743301568] INFO perfrun.launcher <> - set environment variable: CORECLR_PROFILER_PATH = /opt/intel/oneapi/vtune/2025.1/lib64/libamplxe_samplingmrte_clrprof_1.0.so
135 [130545743301568] INFO perfrun.launcher <> - set environment variable: INTEL_MRTE_PROFILER_MODE = mixed
135 [130545743301568] INFO perfrun.launcher <> - RpcServer: run RPC server to handle requests
136 [130545743301568] INFO perfrun.launcher <> - Launcher: command line to start before modification = ./programa 42 100.0 10 500 10
136 [130545743301568] INFO perfrun.launcher <> - Launcher: command line to start after modification = /opt/intel/oneapi/vtune/2025.1/bin64/pin -error_file /home/luciano-alfredo/Documentos/2-Projectos/6-Projecto CPD/computa-o-Paralela-e-Distribuida/Projeto_final/serial_version/r001hs_leve/data.0/pinerr.tpsslog -detach_reattach -follow_execv -tool_load_option deepbind -t64 /opt/intel/oneapi/vtune/2025.1/lib64/libtpsstool.so -t /opt/intel/oneapi/vtune/2025.1/lib32/libtpsstool.so -server_name tpss_ipc.14526 -prd_dir /opt/intel/oneapi/vtune/2025.1 -- ./programa 42 100.0 10 500 10
136 [130545743301568] INFO perfrun.launcher <> - ProcessCreator object was created
137 [130545743301568] INFO perfrun.launcher <> - Launcher: the process was started in suspend mode
137 [130545583384256] WARN perfrun.system <> - Could not do anything with /sys/kernel/debug/kvm: boost::filesystem::status: Permission denied [system:13]: "/sys/kernel/debug/kvm", at file: vcs/perfrun1/plugins/system/src/trace_writer.cpp:787
137 [130545583384256] WARN perfrun.system <> - Folder "/var/run/libvirt/qemu/"doesn't exist, at file: vcs/perfrun1/plugins/system/src/trace_writer.cpp:800
138 [130545583384256] WARN perfrun.sdk <> - Failed to find xl binary on any of the system paths: /bin, /sbin, /usr/bin, /usr/sbin., at file: vcs/perfrun1/sdk/src/utils.cpp:205
138 [130545583384256] WARN perfrun.system <> - Could not start ContainerMapping collector, at file: vcs/perfrun1/plugins/system/src/controller.cpp:450
146 [130545583384256] INFO perfrun.vdso <> - Helper runtool '/opt/intel/oneapi/vtune/2025.1/bin32/amplxe-runss -dump-vdso -r /home/luciano-alfredo/Documentos/2-Projectos/6-Projecto CPD/computa-o-Paralela-e-Distribuida/Projeto_final/serial_version/r001hs_leve --tmp-dir /tmp/amplxe-tmp-luciano-alfredo' returned 1
251 [130545583384256] INFO perfrun.vdso <> - Helper runtool '/opt/intel/oneapi/vtune/2025.1/bin64/amplxe-runss -dump-vdso -r /home/luciano-alfredo/Documentos/2-Projectos/6-Projecto CPD/computa-o-Paralela-e-Distribuida/Projeto_final/serial_version/r001hs_leve --tmp-dir /tmp/amplxe-tmp-luciano-alfredo' returned 0
251 [130545583384256] INFO perfrun.itt <> - start itt controller for pid #14531
251 [130545583384256] INFO perfrun.tpss <> - start tpss controller for pid #14531
302 [130545743301568] INFO perfrun.launcher <> - Launcher: all plugins were started
303 [130545743301568] INFO perfrun.launcher <> - DirectoryMonitor object was created
303 [130545743301568] INFO perfrun.launcher <> - DirectoryMonitor: a callback was added
303 [130545743301568] INFO perfrun.launcher <> - DirectoryMonitor was started with pingTime = 1000
303 [130545743301568] INFO perfrun.launcher <> - DeadlineTimer is going to be constructed
303 [130545743301568] INFO perfrun.launcher <> - DeadlineTimer: a callback was added
320 [130545743301568] INFO perfrun.launcher <> - Launcher: resume the profiled application and  wait its termination or stop command
731 [130545743301568] INFO perfrun.launcher <> - Launcher: the profiled application was terminated  with exit code = 0
738 [130545583384256] INFO perfrun.itt <> - detach itt controller
738 [130545583384256] INFO perfrun.itt <> - detach itt controller done
738 [130545583384256] INFO perfrun.tpss <> - stop tpss controller
739 [130545583384256] INFO perfrun.sdk <> - De-allocating TMU: /home/luciano-alfredo/Documentos/2-Projectos/6-Projecto CPD/computa-o-Paralela-e-Distribuida/Projeto_final/serial_version/r001hs_leve/data.0/systemcollector-14526-lucian.sc
739 [130545583384256] INFO perfrun.system <> - closed the system trace file: /home/luciano-alfredo/Documentos/2-Projectos/6-Projecto CPD/computa-o-Paralela-e-Distribuida/Projeto_final/serial_version/r001hs_leve/data.0/systemcollector-14526-lucian.sc
739 [130545743301568] INFO perfrun.launcher <> - Launcher: all plugins were stopped.
739 [130545743301568] INFO perfrun.launcher <> - DeadlineTimer is going to be destroyed
740 [130545743301568] INFO perfrun.launcher <> - DeadlineTimer was destroyed
740 [130545743301568] INFO perfrun.launcher <> - DirectoryMonitor object was destroyed
740 [130545743301568] WARN perfrun.launcher <> - Stop command is ignored because it is received when collection is already stopped, at file: vcs/perfrun1/launcher/src/command_handler.cpp:226
741 [130545743301568] INFO perfrun.launcher <> - Application exit code: 0
741 [130545743301568] INFO perfrun.launcher <> - Exit code: 0
