2 [126466530843584] INFO perfrun.launcher <> - Launcher main begin
3 [126466530843584] INFO perfrun.launcher <> - MessageCatalogInit finished
3 [126466530843584] INFO perfrun.launcher <> - Launcher instance created
3 [126466530843584] INFO perfrun.launcher <> - argc = 6; cmdline = /opt/intel/oneapi/vtune/2025.1/bin64/amplxe-runss -dump-vdso -r /home/luciano-alfredo/Documentos/2-Projectos/6-Projecto CPD/computa-o-Paralela-e-Distribuida/Projeto_final/serial_version/r001hs --tmp-dir /tmp/amplxe-tmp-luciano-alfredo 
62 [126466530843584] INFO perfrun.perfcollector <> - SEP tool path: /opt/intel/oneapi/vtune/2025.1/bin64/sep
70 [126466530843584] INFO perfrun.launcher <> - create msngr2::ICliToolContext
70 [126466530843584] INFO perfrun.launcher <> - create file finder object
71 [126466371086016] INFO perfrun.launcher <> - plugin [remoteplug] was disabled because it doesn't support the given collection type.
71 [126466371086016] INFO perfrun.launcher <> - plugin [system] was disabled because it doesn't support the given collection type.
71 [126466371086016] INFO perfrun.vdso <> - dumping [vdso] pseudomodule
72 [126466371086016] INFO perfrun.launcher <> - plugin [itt] was disabled because it doesn't support the given collection type.
72 [126466371086016] INFO perfrun.launcher <> - plugin [ptracecollector] was disabled because it doesn't support the given collection type.
72 [126466371086016] INFO perfrun.launcher <> - plugin [gpu] was disabled because it doesn't support the given collection type.
72 [126466371086016] INFO perfrun.launcher <> - plugin [] was disabled because it doesn't support the given collection type.
72 [126466371086016] INFO perfrun.launcher <> - plugin [] was disabled because it doesn't support the given collection type.
72 [126466371086016] INFO perfrun.launcher <> - plugin [] was disabled because it doesn't support the given collection type.
72 [126466371086016] INFO perfrun.launcher <> - plugin [mrte] was disabled because it doesn't support the given collection type.
72 [126466371086016] INFO perfrun.launcher <> - plugin [emon] was disabled because it doesn't support the given collection type.
72 [126466371086016] INFO perfrun.launcher <> - plugin [cuscol] was disabled because it doesn't support the given collection type.
72 [126466371086016] INFO perfrun.launcher <> - plugin [stdsrc] was disabled because it doesn't support the given collection type.
72 [126466371086016] INFO perfrun.launcher <> - plugin [sep] was disabled because it doesn't support the given collection type.
72 [126466371086016] INFO perfrun.launcher <> - plugin [vtsspp] was disabled because it doesn't support the given collection type.
72 [126466371086016] INFO perfrun.launcher <> - plugin [perf] was disabled because it doesn't support the given collection type.
72 [126466371086016] INFO perfrun.launcher <> - plugin [aoclprofile] was disabled because it doesn't support the given collection type.
72 [126466371086016] INFO perfrun.launcher <> - plugin [tpss] was disabled because it doesn't support the given collection type.
72 [126466371086016] INFO perfrun.launcher <> - plugin [media] was disabled because it doesn't support the given collection type.
72 [126466371086016] INFO perfrun.launcher <> - plugin [] was disabled because it doesn't support the given collection type.
72 [126466371086016] INFO perfrun.launcher <> - plugin [] was disabled because it doesn't support the given collection type.
72 [126466371086016] INFO perfrun.launcher <> - plugin [parallelfs] was disabled because it doesn't support the given collection type.
72 [126466371086016] INFO perfrun.launcher <> - plugin [power] was disabled because it doesn't support the given collection type.
72 [126466371086016] INFO perfrun.launcher <> - plugin [] was disabled because it doesn't support the given collection type.
72 [126466371086016] INFO perfrun.launcher <> - plugin [] was disabled because it doesn't support the given collection type.
72 [126466371086016] INFO perfrun.launcher <> - plugin [] was disabled because it doesn't support the given collection type.
72 [126466371086016] INFO perfrun.launcher <> - plugin [l0_metrics] was disabled because it doesn't support the given collection type.
72 [126466371086016] INFO perfrun.launcher <> - plugin [stall_reasons] was disabled because it doesn't support the given collection type.
72 [126466530843584] INFO perfrun.launcher <> - Application exit code: 0
72 [126466530843584] INFO perfrun.launcher <> - Exit code: 0
