1 [128415506693056] INFO perfrun.launcher <> - Launcher main begin
2 [128415506693056] INFO perfrun.launcher <> - MessageCatalogInit finished
2 [128415506693056] INFO perfrun.launcher <> - Launcher instance created
2 [128415506693056] INFO perfrun.launcher <> - argc = 7; cmdline = /opt/intel/oneapi/vtune/2025.1/bin64/amplxe-runss --ui-output-format xml --ui-output-fd 5 --option-file /home/luciano-alfredo/Documentos/2-Projectos/6-Projecto CPD/computa-o-Paralela-e-Distribuida/Projeto_final/serial_version/r001hs/config/runss.options 
60 [128415506693056] INFO perfrun.perfcollector <> - SEP tool path: /opt/intel/oneapi/vtune/2025.1/bin64/sep
69 [128415506693056] INFO perfrun.launcher <> - create msngr2::ICliToolContext
70 [128415506693056] INFO perfrun.launcher <> - create file finder object
70 [128415506693056] INFO perfrun.launcher <> - create a result directory: pattern = /home/luciano-alfredo/Documentos/2-Projectos/6-Projecto CPD/computa-o-Paralela-e-Distribuida/Projeto_final/serial_version/r001hs pid = 4294967295
71 [128415506693056] INFO perfrun.sdk <> - checked that the directory /home/luciano-alfredo/Documentos/2-Projectos/6-Projecto CPD/computa-o-Paralela-e-Distribuida/Projeto_final/serial_version/r001hs is a local directory
71 [128415506693056] INFO perfrun.sdk <> - the directory /home/luciano-alfredo/Documentos/2-Projectos/6-Projecto CPD/computa-o-Paralela-e-Distribuida/Projeto_final/serial_version/r001hs is a local directory with FS type ID 61267
71 [128415506693056] INFO perfrun.launcher <> - create data directory = /home/luciano-alfredo/Documentos/2-Projectos/6-Projecto CPD/computa-o-Paralela-e-Distribuida/Projeto_final/serial_version/r001hs/data.0
71 [128415506693056] INFO perfrun.launcher <> - Creating the master collection flag
74 [128415506693056] INFO perfrun.launcher <> - Done creating the master collection flag
74 [128415346714304] INFO perfrun.launcher <> - plugin [remoteplug] was disabled because it doesn't support the given collection type.
74 [128415346714304] INFO perfrun.sdk <> - Allocating TMU :/home/luciano-alfredo/Documentos/2-Projectos/6-Projecto CPD/computa-o-Paralela-e-Distribuida/Projeto_final/serial_version/r001hs/data.0/systemcollector-11280-lucian.sc
74 [128415346714304] INFO perfrun.system <> - Tpss based collection
75 [128415346714304] INFO perfrun.launcher <> - plugin [ptracecollector] was disabled because it doesn't support the given collection type.
75 [128415346714304] INFO perfrun.launcher <> - plugin [gpu] was disabled because it doesn't support the given collection type.
75 [128415346714304] INFO perfrun.launcher <> - plugin [] was disabled because it doesn't support the given collection type.
75 [128415346714304] INFO perfrun.launcher <> - plugin [] was disabled because it doesn't support the given collection type.
75 [128415346714304] INFO perfrun.launcher <> - plugin [] was disabled because it doesn't support the given collection type.
75 [128415346714304] INFO perfrun.mrte <> - system-wide mode is 0
75 [128415346714304] INFO perfrun.mrte <> - Getting  mrte profiling environment ...
98 [128415346714304] INFO perfrun.mrte <> - INTEL_MRTE_DATA_DIR=/home/luciano-alfredo/Documentos/2-Projectos/6-Projecto CPD/computa-o-Paralela-e-Distribuida/Projeto_final/serial_version/r001hs/data.0
98 [128415346714304] INFO perfrun.mrte <> - INTEL_MRTE_HOST_NAME=lucian
98 [128415346714304] INFO perfrun.mrte <> - JAVA_TOOL_OPTIONS=-agentlib:amplxe_samplingmrte_javaprof_1.0 -Dsun.boot.library.path=/opt/intel/oneapi/vtune/2025.1/lib32/runtime:/opt/intel/oneapi/vtune/2025.1/lib64/runtime
98 [128415346714304] INFO perfrun.mrte <> - LD_LIBRARY_PATH=/opt/intel/oneapi/vtune/2025.1/lib32/runtime:/opt/intel/oneapi/vtune/2025.1/lib64/runtime
98 [128415346714304] INFO perfrun.mrte <> - CORECLR_ENABLE_PROFILING=1
98 [128415346714304] INFO perfrun.mrte <> - CORECLR_PROFILER={AA5E4821-E3B1-479c-B7FF-5AD047D22CED}
98 [128415346714304] INFO perfrun.mrte <> - CORECLR_PROFILER_PATH=/opt/intel/oneapi/vtune/2025.1/lib64/libamplxe_samplingmrte_clrprof_1.0.so
98 [128415346714304] INFO perfrun.mrte <> - INTEL_MRTE_PROFILER_MODE=mixed
98 [128415346714304] INFO perfrun.mrte <> - Data directory: /home/luciano-alfredo/Documentos/2-Projectos/6-Projecto CPD/computa-o-Paralela-e-Distribuida/Projeto_final/serial_version/r001hs/data.0
98 [128415346714304] INFO perfrun.mrte <> - Mrte plugin is initialized
98 [128415346714304] INFO perfrun.launcher <> - plugin [emon] was disabled because it doesn't support the given collection type.
98 [128415346714304] INFO perfrun.launcher <> - plugin [cuscol] was disabled because it doesn't support the given collection type.
98 [128415346714304] INFO perfrun.launcher <> - plugin [stdsrc] was disabled because it doesn't support the given collection type.
98 [128415346714304] INFO perfrun.launcher <> - plugin [sep] was disabled because it doesn't support the given collection type.
98 [128415346714304] INFO perfrun.launcher <> - plugin [vtsspp] was disabled because it doesn't support the given collection type.
98 [128415346714304] INFO perfrun.launcher <> - plugin [perf] was disabled because it doesn't support the given collection type.
98 [128415346714304] INFO perfrun.launcher <> - plugin [aoclprofile] was disabled because it doesn't support the given collection type.
98 [128415346714304] INFO perfrun.tpss <> - initialize tpss controller
98 [128415346714304] INFO perfrun.tpss <> - configure collection mode: value = cpu:counters:nostack
99 [128415346714304] INFO perfrun.tpss <> - configure collection mode: value = cpu:stack
99 [128415346714304] INFO perfrun.tpss <> - default obj-size-min=1024
99 [128415346714304] INFO perfrun.tpss <> - default hash-table-size=0
99 [128415346714304] INFO perfrun.launcher <> - plugin [media] was disabled because it doesn't support the given collection type.
99 [128415346714304] INFO perfrun.launcher <> - plugin [] was disabled because it doesn't support the given collection type.
99 [128415346714304] INFO perfrun.launcher <> - plugin [] was disabled because it doesn't support the given collection type.
99 [128415346714304] INFO perfrun.launcher <> - plugin [parallelfs] was disabled because it doesn't support the given collection type.
99 [128415346714304] INFO perfrun.launcher <> - plugin [power] was disabled because it doesn't support the given collection type.
99 [128415346714304] INFO perfrun.launcher <> - plugin [] was disabled because it doesn't support the given collection type.
99 [128415346714304] INFO perfrun.launcher <> - plugin [] was disabled because it doesn't support the given collection type.
99 [128415346714304] INFO perfrun.launcher <> - plugin [] was disabled because it doesn't support the given collection type.
99 [128415346714304] INFO perfrun.launcher <> - plugin [l0_metrics] was disabled because it doesn't support the given collection type.
99 [128415346714304] INFO perfrun.launcher <> - plugin [stall_reasons] was disabled because it doesn't support the given collection type.
99 [128415506693056] INFO perfrun.launcher <> - set environment variable: LD_LIBRARY_PATH = /opt/intel/oneapi/vtune/2025.1/lib32/runtime:/opt/intel/oneapi/vtune/2025.1/lib64/runtime
100 [128415506693056] INFO perfrun.launcher <> - set environment variable: INTEL_LIBITTNOTIFY32 = /opt/intel/oneapi/vtune/2025.1/lib32/runtime/libittnotify_collector.so
100 [128415506693056] INFO perfrun.launcher <> - set environment variable: INTEL_LIBITTNOTIFY64 = /opt/intel/oneapi/vtune/2025.1/lib64/runtime/libittnotify_collector.so
100 [128415506693056] INFO perfrun.launcher <> - set environment variable: INTEL_ITTNOTIFY_GROUPS = 
101 [128415506693056] INFO perfrun.launcher <> - set environment variable: INTEL_JIT_PROFILER32 = /opt/intel/oneapi/vtune/2025.1/lib32/runtime/libittnotify_collector.so
101 [128415506693056] INFO perfrun.launcher <> - set environment variable: INTEL_JIT_PROFILER64 = /opt/intel/oneapi/vtune/2025.1/lib64/runtime/libittnotify_collector.so
102 [128415506693056] INFO perfrun.launcher <> - set environment variable: CCL_ITT_LEVEL = 1
102 [128415506693056] INFO perfrun.launcher <> - set environment variable: ENABLE_JITPROFILING = 1
102 [128415506693056] INFO perfrun.launcher <> - set environment variable: CL_CONFIG_USE_VTUNE = True
102 [128415506693056] INFO perfrun.launcher <> - set environment variable: KMP_FORKJOIN_FRAMES = 0
102 [128415506693056] INFO perfrun.launcher <> - set environment variable: KMP_FORKJOIN_FRAMES_MODE = 0
102 [128415506693056] INFO perfrun.launcher <> - set environment variable: INTEL_MRTE_DATA_DIR = /home/luciano-alfredo/Documentos/2-Projectos/6-Projecto CPD/computa-o-Paralela-e-Distribuida/Projeto_final/serial_version/r001hs/data.0
102 [128415506693056] INFO perfrun.launcher <> - set environment variable: INTEL_MRTE_HOST_NAME = lucian
102 [128415506693056] INFO perfrun.launcher <> - set environment variable: JAVA_TOOL_OPTIONS = -agentlib:amplxe_samplingmrte_javaprof_1.0 -Dsun.boot.library.path=/opt/intel/oneapi/vtune/2025.1/lib32/runtime:/opt/intel/oneapi/vtune/2025.1/lib64/runtime
103 [128415506693056] INFO perfrun.launcher <> - set environment variable: LD_LIBRARY_PATH = /opt/intel/oneapi/vtune/2025.1/lib32/runtime:/opt/intel/oneapi/vtune/2025.1/lib64/runtime
103 [128415506693056] INFO perfrun.launcher <> - set environment variable: CORECLR_ENABLE_PROFILING = 1
103 [128415506693056] INFO perfrun.launcher <> - set environment variable: CORECLR_PROFILER = {AA5E4821-E3B1-479c-B7FF-5AD047D22CED}
103 [128415506693056] INFO perfrun.launcher <> - set environment variable: CORECLR_PROFILER_PATH = /opt/intel/oneapi/vtune/2025.1/lib64/libamplxe_samplingmrte_clrprof_1.0.so
103 [128415506693056] INFO perfrun.launcher <> - set environment variable: INTEL_MRTE_PROFILER_MODE = mixed
104 [128415506693056] INFO perfrun.launcher <> - RpcServer: run RPC server to handle requests
104 [128415506693056] INFO perfrun.launcher <> - Launcher: command line to start before modification = ./programa
104 [128415506693056] INFO perfrun.launcher <> - Launcher: command line to start after modification = /opt/intel/oneapi/vtune/2025.1/bin64/pin -error_file /home/luciano-alfredo/Documentos/2-Projectos/6-Projecto CPD/computa-o-Paralela-e-Distribuida/Projeto_final/serial_version/r001hs/data.0/pinerr.tpsslog -detach_reattach -follow_execv -tool_load_option deepbind -t64 /opt/intel/oneapi/vtune/2025.1/lib64/libtpsstool.so -t /opt/intel/oneapi/vtune/2025.1/lib32/libtpsstool.so -server_name tpss_ipc.11280 -prd_dir /opt/intel/oneapi/vtune/2025.1 -- ./programa
105 [128415506693056] INFO perfrun.launcher <> - ProcessCreator object was created
105 [128415506693056] INFO perfrun.launcher <> - Launcher: the process was started in suspend mode
107 [128415346714304] WARN perfrun.system <> - Could not do anything with /sys/kernel/debug/kvm: boost::filesystem::status: Permission denied [system:13]: "/sys/kernel/debug/kvm", at file: vcs/perfrun1/plugins/system/src/trace_writer.cpp:787
108 [128415346714304] WARN perfrun.system <> - Folder "/var/run/libvirt/qemu/"doesn't exist, at file: vcs/perfrun1/plugins/system/src/trace_writer.cpp:800
108 [128415346714304] WARN perfrun.sdk <> - Failed to find xl binary on any of the system paths: /bin, /sbin, /usr/bin, /usr/sbin., at file: vcs/perfrun1/sdk/src/utils.cpp:205
108 [128415346714304] WARN perfrun.system <> - Could not start ContainerMapping collector, at file: vcs/perfrun1/plugins/system/src/controller.cpp:450
117 [128415346714304] INFO perfrun.vdso <> - Helper runtool '/opt/intel/oneapi/vtune/2025.1/bin32/amplxe-runss -dump-vdso -r /home/luciano-alfredo/Documentos/2-Projectos/6-Projecto CPD/computa-o-Paralela-e-Distribuida/Projeto_final/serial_version/r001hs --tmp-dir /tmp/amplxe-tmp-luciano-alfredo' returned 1
221 [128415346714304] INFO perfrun.vdso <> - Helper runtool '/opt/intel/oneapi/vtune/2025.1/bin64/amplxe-runss -dump-vdso -r /home/luciano-alfredo/Documentos/2-Projectos/6-Projecto CPD/computa-o-Paralela-e-Distribuida/Projeto_final/serial_version/r001hs --tmp-dir /tmp/amplxe-tmp-luciano-alfredo' returned 0
221 [128415346714304] INFO perfrun.itt <> - start itt controller for pid #11285
221 [128415346714304] INFO perfrun.tpss <> - start tpss controller for pid #11285
272 [128415506693056] INFO perfrun.launcher <> - Launcher: all plugins were started
272 [128415506693056] INFO perfrun.launcher <> - DirectoryMonitor object was created
272 [128415506693056] INFO perfrun.launcher <> - DirectoryMonitor: a callback was added
272 [128415506693056] INFO perfrun.launcher <> - DirectoryMonitor was started with pingTime = 1000
272 [128415506693056] INFO perfrun.launcher <> - DeadlineTimer is going to be constructed
272 [128415506693056] INFO perfrun.launcher <> - DeadlineTimer: a callback was added
291 [128415506693056] INFO perfrun.launcher <> - Launcher: resume the profiled application and  wait its termination or stop command
733 [128415506693056] INFO perfrun.launcher <> - Launcher: the profiled application was terminated  with exit code = 1
740 [128415346714304] INFO perfrun.itt <> - detach itt controller
740 [128415346714304] INFO perfrun.itt <> - detach itt controller done
740 [128415346714304] INFO perfrun.tpss <> - stop tpss controller
742 [128415346714304] INFO perfrun.sdk <> - De-allocating TMU: /home/luciano-alfredo/Documentos/2-Projectos/6-Projecto CPD/computa-o-Paralela-e-Distribuida/Projeto_final/serial_version/r001hs/data.0/systemcollector-11280-lucian.sc
742 [128415346714304] INFO perfrun.system <> - closed the system trace file: /home/luciano-alfredo/Documentos/2-Projectos/6-Projecto CPD/computa-o-Paralela-e-Distribuida/Projeto_final/serial_version/r001hs/data.0/systemcollector-11280-lucian.sc
742 [128415506693056] INFO perfrun.launcher <> - Launcher: all plugins were stopped.
742 [128415506693056] INFO perfrun.launcher <> - DeadlineTimer is going to be destroyed
742 [128415506693056] INFO perfrun.launcher <> - DeadlineTimer was destroyed
742 [128415506693056] INFO perfrun.launcher <> - DirectoryMonitor object was destroyed
742 [128415506693056] WARN perfrun.launcher <> - Stop command is ignored because it is received when collection is already stopped, at file: vcs/perfrun1/launcher/src/command_handler.cpp:226
743 [128415506693056] INFO perfrun.launcher <> - Application exit code: 1
743 [128415506693056] INFO perfrun.launcher <> - Exit code: 4
