4 [124361453730752] INFO perfrun.launcher <> - Launcher main begin
5 [124361453730752] INFO perfrun.launcher <> - MessageCatalogInit finished
5 [124361453730752] INFO perfrun.launcher <> - Launcher instance created
5 [124361453730752] INFO perfrun.launcher <> - argc = 7; cmdline = /opt/intel/oneapi/vtune/2025.1/bin64/amplxe-runss --ui-output-format xml --ui-output-fd 14 --option-file /home/luciano-alfredo/Documentos/2-Projectos/6-Projecto CPD/computa-o-Paralela-e-Distribuida/Lab-3/Lab3-Threading-2/r000ps4/config/runss.options 
119 [124361453730752] INFO perfrun.perfcollector <> - SEP tool path: /opt/intel/oneapi/vtune/2025.1/bin64/sep
137 [124361453730752] INFO perfrun.launcher <> - create msngr2::ICliToolContext
138 [124361453730752] INFO perfrun.launcher <> - create file finder object
139 [124361453730752] INFO perfrun.launcher <> - create a result directory: pattern = /home/luciano-alfredo/Documentos/2-Projectos/6-Projecto CPD/computa-o-Paralela-e-Distribuida/Lab-3/Lab3-Threading-2/r000ps4 pid = 4294967295
142 [124361453730752] INFO perfrun.sdk <> - checked that the directory /home/luciano-alfredo/Documentos/2-Projectos/6-Projecto CPD/computa-o-Paralela-e-Distribuida/Lab-3/Lab3-Threading-2/r000ps4 is a local directory
142 [124361453730752] INFO perfrun.sdk <> - the directory /home/luciano-alfredo/Documentos/2-Projectos/6-Projecto CPD/computa-o-Paralela-e-Distribuida/Lab-3/Lab3-Threading-2/r000ps4 is a local directory with FS type ID 61267
142 [124361453730752] INFO perfrun.launcher <> - create data directory = /home/luciano-alfredo/Documentos/2-Projectos/6-Projecto CPD/computa-o-Paralela-e-Distribuida/Lab-3/Lab3-Threading-2/r000ps4/data.0
142 [124361453730752] INFO perfrun.launcher <> - Creating the master collection flag
177 [124361453730752] INFO perfrun.launcher <> - Done creating the master collection flag
177 [124361293948608] INFO perfrun.launcher <> - plugin [remoteplug] was disabled because it doesn't support the given collection type.
177 [124361293948608] INFO perfrun.sdk <> - Allocating TMU :/home/luciano-alfredo/Documentos/2-Projectos/6-Projecto CPD/computa-o-Paralela-e-Distribuida/Lab-3/Lab3-Threading-2/r000ps4/data.0/systemcollector-17243-lucian.sc
178 [124361293948608] INFO perfrun.system <> - Tpss based collection
178 [124361293948608] INFO perfrun.launcher <> - plugin [ptracecollector] was disabled because it doesn't support the given collection type.
178 [124361293948608] INFO perfrun.launcher <> - plugin [gpu] was disabled because it doesn't support the given collection type.
178 [124361293948608] INFO perfrun.launcher <> - plugin [] was disabled because it doesn't support the given collection type.
178 [124361293948608] INFO perfrun.launcher <> - plugin [] was disabled because it doesn't support the given collection type.
178 [124361293948608] INFO perfrun.launcher <> - plugin [] was disabled because it doesn't support the given collection type.
178 [124361293948608] INFO perfrun.mrte <> - system-wide mode is 0
178 [124361293948608] INFO perfrun.mrte <> - Getting  mrte profiling environment ...
222 [124361293948608] INFO perfrun.mrte <> - INTEL_MRTE_DATA_DIR=/home/luciano-alfredo/Documentos/2-Projectos/6-Projecto CPD/computa-o-Paralela-e-Distribuida/Lab-3/Lab3-Threading-2/r000ps4/data.0
222 [124361293948608] INFO perfrun.mrte <> - INTEL_MRTE_HOST_NAME=lucian
222 [124361293948608] INFO perfrun.mrte <> - JAVA_TOOL_OPTIONS=-agentlib:amplxe_samplingmrte_javaprof_1.0 -Dsun.boot.library.path=/opt/intel/oneapi/vtune/2025.1/lib32/runtime:/opt/intel/oneapi/vtune/2025.1/lib64/runtime
222 [124361293948608] INFO perfrun.mrte <> - LD_LIBRARY_PATH=/opt/intel/oneapi/vtune/2025.1/lib32/runtime:/opt/intel/oneapi/vtune/2025.1/lib64/runtime
222 [124361293948608] INFO perfrun.mrte <> - CORECLR_ENABLE_PROFILING=1
222 [124361293948608] INFO perfrun.mrte <> - CORECLR_PROFILER={AA5E4821-E3B1-479c-B7FF-5AD047D22CED}
222 [124361293948608] INFO perfrun.mrte <> - CORECLR_PROFILER_PATH=/opt/intel/oneapi/vtune/2025.1/lib64/libamplxe_samplingmrte_clrprof_1.0.so
222 [124361293948608] INFO perfrun.mrte <> - INTEL_MRTE_PROFILER_MODE=mixed
222 [124361293948608] INFO perfrun.mrte <> - Data directory: /home/luciano-alfredo/Documentos/2-Projectos/6-Projecto CPD/computa-o-Paralela-e-Distribuida/Lab-3/Lab3-Threading-2/r000ps4/data.0
222 [124361293948608] INFO perfrun.mrte <> - Mrte plugin is initialized
222 [124361293948608] INFO perfrun.launcher <> - plugin [emon] was disabled because it doesn't support the given collection type.
222 [124361293948608] INFO perfrun.launcher <> - plugin [cuscol] was disabled because it doesn't support the given collection type.
222 [124361293948608] INFO perfrun.launcher <> - plugin [stdsrc] was disabled because it doesn't support the given collection type.
222 [124361293948608] INFO perfrun.launcher <> - plugin [sep] was disabled because it doesn't support the given collection type.
222 [124361293948608] INFO perfrun.launcher <> - plugin [vtsspp] was disabled because it doesn't support the given collection type.
222 [124361293948608] INFO perfrun.launcher <> - plugin [perf] was disabled because it doesn't support the given collection type.
222 [124361293948608] INFO perfrun.launcher <> - plugin [aoclprofile] was disabled because it doesn't support the given collection type.
222 [124361293948608] INFO perfrun.tpss <> - initialize tpss controller
222 [124361293948608] INFO perfrun.tpss <> - configure collection mode: value = cpu:counters:nostack
222 [124361293948608] INFO perfrun.tpss <> - configure collection mode: value = cpu:nostack
222 [124361293948608] INFO perfrun.tpss <> - configure collection mode: value = threading:stack
222 [124361293948608] INFO perfrun.tpss <> - configure collection mode: value = waiting:stack
222 [124361293948608] INFO perfrun.tpss <> - configure collection mode: value = user_sync
222 [124361293948608] INFO perfrun.tpss <> - default obj-size-min=1024
222 [124361293948608] INFO perfrun.tpss <> - default hash-table-size=0
222 [124361293948608] INFO perfrun.launcher <> - plugin [media] was disabled because it doesn't support the given collection type.
222 [124361293948608] INFO perfrun.launcher <> - plugin [] was disabled because it doesn't support the given collection type.
222 [124361293948608] INFO perfrun.launcher <> - plugin [] was disabled because it doesn't support the given collection type.
222 [124361293948608] INFO perfrun.launcher <> - plugin [parallelfs] was disabled because it doesn't support the given collection type.
222 [124361293948608] INFO perfrun.launcher <> - plugin [power] was disabled because it doesn't support the given collection type.
222 [124361293948608] INFO perfrun.launcher <> - plugin [] was disabled because it doesn't support the given collection type.
222 [124361293948608] INFO perfrun.launcher <> - plugin [] was disabled because it doesn't support the given collection type.
222 [124361293948608] INFO perfrun.launcher <> - plugin [] was disabled because it doesn't support the given collection type.
222 [124361293948608] INFO perfrun.launcher <> - plugin [l0_metrics] was disabled because it doesn't support the given collection type.
222 [124361293948608] INFO perfrun.launcher <> - plugin [stall_reasons] was disabled because it doesn't support the given collection type.
224 [124361453730752] INFO perfrun.launcher <> - set environment variable: LD_LIBRARY_PATH = /opt/intel/oneapi/vtune/2025.1/lib32/runtime:/opt/intel/oneapi/vtune/2025.1/lib64/runtime
224 [124361453730752] INFO perfrun.launcher <> - set environment variable: INTEL_LIBITTNOTIFY32 = /opt/intel/oneapi/vtune/2025.1/lib32/runtime/libittnotify_collector.so
225 [124361453730752] INFO perfrun.launcher <> - set environment variable: INTEL_LIBITTNOTIFY64 = /opt/intel/oneapi/vtune/2025.1/lib64/runtime/libittnotify_collector.so
225 [124361453730752] INFO perfrun.launcher <> - set environment variable: INTEL_ITTNOTIFY_GROUPS = 
225 [124361453730752] INFO perfrun.launcher <> - set environment variable: INTEL_JIT_PROFILER32 = /opt/intel/oneapi/vtune/2025.1/lib32/runtime/libittnotify_collector.so
225 [124361453730752] INFO perfrun.launcher <> - set environment variable: INTEL_JIT_PROFILER64 = /opt/intel/oneapi/vtune/2025.1/lib64/runtime/libittnotify_collector.so
227 [124361453730752] INFO perfrun.launcher <> - set environment variable: CCL_ITT_LEVEL = 1
227 [124361453730752] INFO perfrun.launcher <> - set environment variable: ENABLE_JITPROFILING = 1
227 [124361453730752] INFO perfrun.launcher <> - set environment variable: CL_CONFIG_USE_VTUNE = True
227 [124361453730752] INFO perfrun.launcher <> - set environment variable: KMP_FORKJOIN_FRAMES = 0
227 [124361453730752] INFO perfrun.launcher <> - set environment variable: KMP_FORKJOIN_FRAMES_MODE = 0
227 [124361453730752] INFO perfrun.launcher <> - set environment variable: INTEL_MRTE_DATA_DIR = /home/luciano-alfredo/Documentos/2-Projectos/6-Projecto CPD/computa-o-Paralela-e-Distribuida/Lab-3/Lab3-Threading-2/r000ps4/data.0
229 [124361453730752] INFO perfrun.launcher <> - set environment variable: INTEL_MRTE_HOST_NAME = lucian
229 [124361453730752] INFO perfrun.launcher <> - set environment variable: JAVA_TOOL_OPTIONS = -agentlib:amplxe_samplingmrte_javaprof_1.0 -Dsun.boot.library.path=/opt/intel/oneapi/vtune/2025.1/lib32/runtime:/opt/intel/oneapi/vtune/2025.1/lib64/runtime
231 [124361453730752] INFO perfrun.launcher <> - set environment variable: LD_LIBRARY_PATH = /opt/intel/oneapi/vtune/2025.1/lib32/runtime:/opt/intel/oneapi/vtune/2025.1/lib64/runtime
231 [124361453730752] INFO perfrun.launcher <> - set environment variable: CORECLR_ENABLE_PROFILING = 1
231 [124361453730752] INFO perfrun.launcher <> - set environment variable: CORECLR_PROFILER = {AA5E4821-E3B1-479c-B7FF-5AD047D22CED}
231 [124361453730752] INFO perfrun.launcher <> - set environment variable: CORECLR_PROFILER_PATH = /opt/intel/oneapi/vtune/2025.1/lib64/libamplxe_samplingmrte_clrprof_1.0.so
231 [124361453730752] INFO perfrun.launcher <> - set environment variable: INTEL_MRTE_PROFILER_MODE = mixed
231 [124361453730752] INFO perfrun.launcher <> - RpcServer: run RPC server to handle requests
232 [124361453730752] INFO perfrun.launcher <> - Launcher: command line to start before modification = /home/luciano-alfredo/Documentos/2-Projectos/6-Projecto CPD/computa-o-Paralela-e-Distribuida/Lab-3/programa
232 [124361453730752] INFO perfrun.launcher <> - Launcher: command line to start after modification = /opt/intel/oneapi/vtune/2025.1/bin64/pin -error_file /home/luciano-alfredo/Documentos/2-Projectos/6-Projecto CPD/computa-o-Paralela-e-Distribuida/Lab-3/Lab3-Threading-2/r000ps4/data.0/pinerr.tpsslog -detach_reattach -follow_execv -tool_load_option deepbind -t64 /opt/intel/oneapi/vtune/2025.1/lib64/libtpsstool.so -t /opt/intel/oneapi/vtune/2025.1/lib32/libtpsstool.so -server_name tpss_ipc.17243 -prd_dir /opt/intel/oneapi/vtune/2025.1 -- /home/luciano-alfredo/Documentos/2-Projectos/6-Projecto CPD/computa-o-Paralela-e-Distribuida/Lab-3/programa
232 [124361453730752] INFO perfrun.launcher <> - ProcessCreator object was created
233 [124361453730752] INFO perfrun.launcher <> - Launcher: the process was started in suspend mode
234 [124361293948608] WARN perfrun.system <> - Could not do anything with /sys/kernel/debug/kvm: boost::filesystem::status: Permission denied [system:13]: "/sys/kernel/debug/kvm", at file: vcs/perfrun1/plugins/system/src/trace_writer.cpp:787
235 [124361293948608] WARN perfrun.system <> - Folder "/var/run/libvirt/qemu/"doesn't exist, at file: vcs/perfrun1/plugins/system/src/trace_writer.cpp:800
236 [124361293948608] WARN perfrun.sdk <> - Failed to find xl binary on any of the system paths: /bin, /sbin, /usr/bin, /usr/sbin., at file: vcs/perfrun1/sdk/src/utils.cpp:205
236 [124361293948608] WARN perfrun.system <> - Could not start ContainerMapping collector, at file: vcs/perfrun1/plugins/system/src/controller.cpp:450
247 [124361293948608] INFO perfrun.vdso <> - Helper runtool '/opt/intel/oneapi/vtune/2025.1/bin32/amplxe-runss -dump-vdso -r /home/luciano-alfredo/Documentos/2-Projectos/6-Projecto CPD/computa-o-Paralela-e-Distribuida/Lab-3/Lab3-Threading-2/r000ps4 --tmp-dir /tmp/amplxe-tmp-luciano-alfredo' returned 1
539 [124361293948608] INFO perfrun.vdso <> - Helper runtool '/opt/intel/oneapi/vtune/2025.1/bin64/amplxe-runss -dump-vdso -r /home/luciano-alfredo/Documentos/2-Projectos/6-Projecto CPD/computa-o-Paralela-e-Distribuida/Lab-3/Lab3-Threading-2/r000ps4 --tmp-dir /tmp/amplxe-tmp-luciano-alfredo' returned 0
539 [124361293948608] INFO perfrun.itt <> - start itt controller for pid #17248
540 [124361293948608] INFO perfrun.tpss <> - start tpss controller for pid #17248
598 [124361453730752] INFO perfrun.launcher <> - Launcher: all plugins were started
598 [124361453730752] INFO perfrun.launcher <> - DirectoryMonitor object was created
598 [124361453730752] INFO perfrun.launcher <> - DirectoryMonitor: a callback was added
598 [124361453730752] INFO perfrun.launcher <> - DirectoryMonitor was started with pingTime = 1000
598 [124361453730752] INFO perfrun.launcher <> - DeadlineTimer is going to be constructed
599 [124361453730752] INFO perfrun.launcher <> - DeadlineTimer: a callback was added
607 [124361453730752] INFO perfrun.launcher <> - Launcher: resume the profiled application and  wait its termination or stop command
12323 [124361453730752] INFO perfrun.launcher <> - Launcher: the profiled application was terminated  with exit code = 0
12330 [124361293948608] INFO perfrun.itt <> - detach itt controller
12330 [124361293948608] INFO perfrun.itt <> - detach itt controller done
12330 [124361293948608] INFO perfrun.tpss <> - stop tpss controller
12331 [124361293948608] INFO perfrun.sdk <> - De-allocating TMU: /home/luciano-alfredo/Documentos/2-Projectos/6-Projecto CPD/computa-o-Paralela-e-Distribuida/Lab-3/Lab3-Threading-2/r000ps4/data.0/systemcollector-17243-lucian.sc
12331 [124361293948608] INFO perfrun.system <> - closed the system trace file: /home/luciano-alfredo/Documentos/2-Projectos/6-Projecto CPD/computa-o-Paralela-e-Distribuida/Lab-3/Lab3-Threading-2/r000ps4/data.0/systemcollector-17243-lucian.sc
12331 [124361453730752] INFO perfrun.launcher <> - Launcher: all plugins were stopped.
12331 [124361453730752] INFO perfrun.launcher <> - DeadlineTimer is going to be destroyed
12331 [124361453730752] INFO perfrun.launcher <> - DeadlineTimer was destroyed
12331 [124361453730752] INFO perfrun.launcher <> - DirectoryMonitor object was destroyed
12331 [124361453730752] WARN perfrun.launcher <> - Stop command is ignored because it is received when collection is already stopped, at file: vcs/perfrun1/launcher/src/command_handler.cpp:226
12332 [124361453730752] INFO perfrun.launcher <> - Application exit code: 0
12332 [124361453730752] INFO perfrun.launcher <> - Exit code: 0
