6 [131728912231360] INFO perfrun.launcher <> - Launcher main begin
9 [131728912231360] INFO perfrun.launcher <> - MessageCatalogInit finished
9 [131728912231360] INFO perfrun.launcher <> - Launcher instance created
9 [131728912231360] INFO perfrun.launcher <> - argc = 6; cmdline = /opt/intel/oneapi/vtune/2025.1/bin64/amplxe-runss -dump-vdso -r /home/luciano-alfredo/Documentos/2-Projectos/6-Projecto CPD/computa-o-Paralela-e-Distribuida/Lab-3/Lab3-Threading-2/r000ps4 --tmp-dir /tmp/amplxe-tmp-luciano-alfredo 
219 [131728912231360] INFO perfrun.perfcollector <> - SEP tool path: /opt/intel/oneapi/vtune/2025.1/bin64/sep
229 [131728912231360] INFO perfrun.launcher <> - create msngr2::ICliToolContext
231 [131728912231360] INFO perfrun.launcher <> - create file finder object
232 [131728752502464] INFO perfrun.launcher <> - plugin [remoteplug] was disabled because it doesn't support the given collection type.
232 [131728752502464] INFO perfrun.launcher <> - plugin [system] was disabled because it doesn't support the given collection type.
232 [131728752502464] INFO perfrun.vdso <> - dumping [vdso] pseudomodule
233 [131728752502464] INFO perfrun.launcher <> - plugin [itt] was disabled because it doesn't support the given collection type.
233 [131728752502464] INFO perfrun.launcher <> - plugin [ptracecollector] was disabled because it doesn't support the given collection type.
233 [131728752502464] INFO perfrun.launcher <> - plugin [gpu] was disabled because it doesn't support the given collection type.
233 [131728752502464] INFO perfrun.launcher <> - plugin [] was disabled because it doesn't support the given collection type.
233 [131728752502464] INFO perfrun.launcher <> - plugin [] was disabled because it doesn't support the given collection type.
233 [131728752502464] INFO perfrun.launcher <> - plugin [] was disabled because it doesn't support the given collection type.
233 [131728752502464] INFO perfrun.launcher <> - plugin [mrte] was disabled because it doesn't support the given collection type.
233 [131728752502464] INFO perfrun.launcher <> - plugin [emon] was disabled because it doesn't support the given collection type.
233 [131728752502464] INFO perfrun.launcher <> - plugin [cuscol] was disabled because it doesn't support the given collection type.
233 [131728752502464] INFO perfrun.launcher <> - plugin [stdsrc] was disabled because it doesn't support the given collection type.
233 [131728752502464] INFO perfrun.launcher <> - plugin [sep] was disabled because it doesn't support the given collection type.
233 [131728752502464] INFO perfrun.launcher <> - plugin [vtsspp] was disabled because it doesn't support the given collection type.
233 [131728752502464] INFO perfrun.launcher <> - plugin [perf] was disabled because it doesn't support the given collection type.
233 [131728752502464] INFO perfrun.launcher <> - plugin [aoclprofile] was disabled because it doesn't support the given collection type.
233 [131728752502464] INFO perfrun.launcher <> - plugin [tpss] was disabled because it doesn't support the given collection type.
233 [131728752502464] INFO perfrun.launcher <> - plugin [media] was disabled because it doesn't support the given collection type.
233 [131728752502464] INFO perfrun.launcher <> - plugin [] was disabled because it doesn't support the given collection type.
233 [131728752502464] INFO perfrun.launcher <> - plugin [] was disabled because it doesn't support the given collection type.
233 [131728752502464] INFO perfrun.launcher <> - plugin [parallelfs] was disabled because it doesn't support the given collection type.
233 [131728752502464] INFO perfrun.launcher <> - plugin [power] was disabled because it doesn't support the given collection type.
233 [131728752502464] INFO perfrun.launcher <> - plugin [] was disabled because it doesn't support the given collection type.
233 [131728752502464] INFO perfrun.launcher <> - plugin [] was disabled because it doesn't support the given collection type.
233 [131728752502464] INFO perfrun.launcher <> - plugin [] was disabled because it doesn't support the given collection type.
233 [131728752502464] INFO perfrun.launcher <> - plugin [l0_metrics] was disabled because it doesn't support the given collection type.
233 [131728752502464] INFO perfrun.launcher <> - plugin [stall_reasons] was disabled because it doesn't support the given collection type.
235 [131728912231360] INFO perfrun.launcher <> - Application exit code: 0
235 [131728912231360] INFO perfrun.launcher <> - Exit code: 0
